{"/home/nour/Desktop/smartjournal/test/articles.js":{"path":"/home/nour/Desktop/smartjournal/test/articles.js","s":{"1":1,"2":1,"3":1,"4":1,"5":1,"6":1,"7":1,"8":0,"9":0,"10":0,"11":0,"12":0,"13":0},"b":{},"f":{},"fnMap":{},"statementMap":{"1":{"start":{"line":1,"column":0},"end":{"line":1,"column":30}},"2":{"start":{"line":4,"column":0},"end":{"line":4,"column":27}},"3":{"start":{"line":5,"column":0},"end":{"line":5,"column":36}},"4":{"start":{"line":6,"column":0},"end":{"line":6,"column":37}},"5":{"start":{"line":7,"column":0},"end":{"line":7,"column":27}},"6":{"start":{"line":9,"column":0},"end":{"line":9,"column":19}},"7":{"start":{"line":11,"column":0},"end":{"line":28,"column":3}},"8":{"start":{"line":16,"column":4},"end":{"line":26,"column":7}},"9":{"start":{"line":17,"column":8},"end":{"line":25,"column":11}},"10":{"start":{"line":18,"column":12},"end":{"line":24,"column":19}},"11":{"start":{"line":21,"column":20},"end":{"line":21,"column":48}},"12":{"start":{"line":22,"column":20},"end":{"line":22,"column":50}},"13":{"start":{"line":23,"column":20},"end":{"line":23,"column":27}}},"branchMap":{}}}